{
    "get": [
        "result"
    ],
    "post": [
        "result"
    ],
    "put": [
        "result"
    ],
    "delete": [
        "result"
    ]
}
-----------------------

-----------------------
Total Execution Time:4 milliseconds
-----------------------
{
    "drive": "Config",
    "result": {
        "drivers": "{GetDrivers}"
    },
    "requires": {
        "REQUEST": [
            "GET",
            "POST",
            "PUT",
            "DELETE"
        ]
    },
    "REQUEST": "GET"
}
-----------------------

-----------------------
Total Execution Time:1 milliseconds
-----------------------
{
    "drivers": "{GetDrivers}"
}
-----------------------
Total Execution Time:1 milliseconds
-----------------------
{
    "drivers": [
        ".",
        "..",
        "32bit",
        "angular-2-http-get-example.zip",
        "angularjs-chat",
        "APIService",
        "Diploma.png",
        "download.rdf",
        "EM-Haboro.Soft",
        "gitkraken-amd64.deb",
        "GlobalRestFull",
        "guilhermeambiente",
        "Haboro.Soft.rar",
        "material-lite",
        "material-lite.zip",
        "Navicat",
        "Neuzon Regular.zip",
        "node_modules",
        "package-lock.json",
        "ProxySwitcher",
        "pyddos",
        "src",
        "Whatsapp",
        "XmlImoveisUPdate"
    ]
}
-----------------------
Total Execution Time:1 milliseconds
-----------------------
{
    "drivers": [
        ".",
        "..",
        "Config.class.php",
        "driverconfig.json"
    ]
}
-----------------------
Total Execution Time:1 milliseconds
-----------------------
{
    "drivers": [
        ".",
        "..",
        "Config",
        "DriveMysql"
    ]
}
-----------------------
Total Execution Time:1 milliseconds
-----------------------
{
    "drivers": {
        "2": "Config",
        "3": "DriveMysql"
    }
}
-----------------------
Total Execution Time:1 milliseconds
-----------------------
Total Execution Time:1 milliseconds
-----------------------
Total Execution Time:13 milliseconds
-----------------------
Total Execution Time:1 milliseconds
-----------------------
Total Execution Time:1 milliseconds
-----------------------
Total Execution Time:1 milliseconds
-----------------------
Total Execution Time:0 milliseconds
-----------------------
Total Execution Time:87 milliseconds
-----------------------
Total Execution Time:1 milliseconds
-----------------------
Total Execution Time:1 milliseconds
-----------------------
Total Execution Time:1 milliseconds
-----------------------
Total Execution Time:1 milliseconds
-----------------------
Total Execution Time:1 milliseconds
-----------------------
Total Execution Time:0 milliseconds
-----------------------
Total Execution Time:1 milliseconds
-----------------------
Total Execution Time:1 milliseconds
-----------------------
{
    "drivers": {
        "2": "Config",
        "3": "DriveMysql"
    }
}
-----------------------
{
    "drivers": {
        "2": "Config",
        "3": "DriveMysql"
    }
}
-----------------------
{
    "drivers": {
        "2": "Config",
        "3": "DriveMysql"
    }
}
-----------------------
{
    "drivers": {
        "2": "Config",
        "3": "DriveMysql"
    }
}
-----------------------
{
    "drivers": {
        "2": "Config",
        "3": "DriveMysql"
    }
}
-----------------------
{
    "drivers": {
        "2": "Config",
        "3": "DriveMysql"
    }
}
-----------------------
{
    "drivers": {
        "2": "Config",
        "3": "DriveMysql"
    }
}
-----------------------
{
    "drivers": {
        "2": "Config",
        "3": "DriveMysql"
    }
}
-----------------------
{
    "drivers": {
        "2": "Config",
        "3": "DriveMysql"
    }
}
-----------------------
{
    "drivers": {
        "2": "Config",
        "3": "DriveMysql"
    }
}
-----------------------
{
    "drivers": {
        "2": "Config",
        "3": "DriveMysql"
    }
}
-----------------------
{
    "drivers": {
        "2": "Config",
        "3": "DriveMysql"
    }
}
-----------------------
{
    "drivers": {
        "2": "Config",
        "3": "DriveMysql"
    }
}
-----------------------
{
    "drivers": {
        "2": "Config",
        "3": "DriveMysql"
    }
}
-----------------------
{
    "drivers": {
        "2": "Config",
        "3": "DriveMysql"
    }
}
-----------------------
{
    "drivers": {
        "2": "Config",
        "3": "DriveMysql"
    }
}
-----------------------
{
    "drivers": {
        "2": "Config",
        "3": "DriveMysql"
    }
}
-----------------------
{
    "drivers": {
        "2": "Config",
        "3": "DriveMysql"
    }
}
-----------------------
{
    "drivers": {
        "2": "Config",
        "3": "DriveMysql"
    }
}
-----------------------
{
    "drivers": {
        "2": "Config",
        "3": "DriveMysql"
    }
}
-----------------------
{
    "drivers": {
        "2": "Config",
        "3": "DriveMysql"
    }
}
-----------------------
{
    "drivers": {
        "2": "Config",
        "3": "DriveMysql"
    }
}
-----------------------
{
    "drivers": {
        "2": "Config",
        "3": "DriveMysql"
    }
}
-----------------------
{
    "drivers": {
        "2": "Config",
        "3": "DriveMysql"
    }
}
-----------------------
{
    "drivers": {
        "2": "Config",
        "3": "DriveMysql"
    }
}
-----------------------
{
    "drivers": {
        "2": "Config",
        "3": "DriveMysql"
    }
}
-----------------------
{
    "drivers": {
        "2": "Config",
        "3": "DriveMysql"
    }
}
-----------------------
{
    "drivers": {
        "2": "Config",
        "3": "DriveMysql"
    }
}
-----------------------
{
    "drivers": {
        "2": "Config",
        "3": "DriveMysql"
    }
}
-----------------------
{
    "drivers": {
        "2": "Config",
        "3": "DriveMysql"
    }
}
-----------------------
{
    "drivers": {
        "2": "Config",
        "3": "DriveMysql"
    }
}
-----------------------
{
    "drivers": {
        "2": "Config",
        "3": "DriveMysql"
    }
}
-----------------------
{
    "drivers": {
        "2": "Config",
        "3": "DriveMysql"
    }
}
-----------------------
{
    "drivers": {
        "2": "Config",
        "3": "DriveMysql"
    }
}
-----------------------
{
    "drivers": {
        "2": "Config",
        "3": "DriveMysql"
    }
}
-----------------------
{
    "drivers": {
        "2": "Config",
        "3": "DriveMysql"
    }
}
-----------------------
{
    "drivers": {
        "2": "Config",
        "3": "DriveMysql"
    }
}
-----------------------
{
    "drivers": {
        "2": "Config",
        "3": "DriveMysql"
    }
}
-----------------------
{
    "drivers": {
        "2": "Config",
        "3": "DriveMysql"
    }
}
-----------------------
{
    "drivers": {
        "2": "Config",
        "3": "DriveMysql"
    }
}
-----------------------
{
    "drivers": {
        "2": "Config",
        "3": "DriveMysql"
    }
}
-----------------------
{
    "drivers": {
        "2": "Config",
        "3": "DriveMysql"
    }
}
-----------------------
{
    "drivers": {
        "2": "Config",
        "3": "DriveMysql"
    }
}
-----------------------
{
    "drivers": {
        "2": "Config",
        "3": "DriveMysql"
    }
}
-----------------------
{
    "drivers": {
        "2": "Config",
        "3": "DriveMysql"
    }
}
-----------------------
{
    "drivers": {
        "2": "Config",
        "3": "DriveMysql"
    }
}
-----------------------
{
    "drivers": {
        "2": "Config",
        "3": "DriveMysql"
    }
}
-----------------------
{
    "drivers": {
        "2": "Config",
        "3": "DriveMysql"
    }
}
-----------------------
{
    "drivers": {
        "2": "Config",
        "3": "DriveMysql"
    }
}
-----------------------
{
    "drivers": {
        "2": "Config",
        "3": "DriveMysql"
    }
}
-----------------------
{
    "drivers": {
        "2": "Config",
        "3": "DriveMysql"
    }
}
-----------------------
{
    "drivers": {
        "2": "Config",
        "3": "DriveMysql"
    }
}
-----------------------
{
    "drivers": {
        "2": "Config",
        "3": "DriveMysql"
    }
}
-----------------------
{
    "drivers": {
        "2": "Config",
        "3": "DriveMysql"
    }
}
-----------------------
{
    "drivers": {
        "2": "Config",
        "3": "DriveMysql"
    }
}
-----------------------
{
    "drivers": {
        "2": "Config",
        "3": "DriveMysql"
    }
}
-----------------------
{
    "drivers": {
        "2": "Config",
        "3": "DriveMysql"
    }
}
-----------------------
{
    "drivers": {
        "2": "Config",
        "3": "DriveMysql"
    }
}
-----------------------
{
    "drivers": [
        "Config",
        "DriveMysql"
    ]
}
-----------------------
{
    "drivers": [
        "Config",
        "DriveMysql"
    ]
}
-----------------------
{
    "drivers": [
        "Config",
        "DriveMysql"
    ]
}
-----------------------
{
    "drivers": [
        "Config",
        "DriveMysql"
    ]
}
-----------------------
{
    "drivers": [
        "Config",
        "DriveMysql"
    ]
}
-----------------------
{
    "drivers": [
        "DriveMysql"
    ]
}
-----------------------
{
    "drivers": [
        "DriveMysql"
    ]
}
-----------------------
{
    "drivers": [
        "DriveMysql"
    ]
}
-----------------------
{
    "drivers": [
        "DriveMysql"
    ]
}
-----------------------
{
    "drivers": [
        "DriveMysql"
    ]
}
-----------------------
{
    "drivers": [
        "DriveMysql"
    ]
}
-----------------------
{
    "drivers": [
        "DriveMysql"
    ]
}
-----------------------
{
    "drivers": [
        "DriveMysql"
    ]
}
-----------------------
{
    "drivers": [
        "DriveMysql"
    ]
}
-----------------------
{
    "drivers": [
        "DriveMysql"
    ]
}
-----------------------
{
    "drivers": [
        "DriveMysql"
    ]
}
-----------------------
{
    "drivers": [
        "DriveMysql"
    ]
}
-----------------------
{
    "drivers": [
        "DriveMysql"
    ]
}
-----------------------
{
    "drivers": [
        "DriveMysql"
    ]
}
-----------------------
{
    "drivers": [
        "DriveMysql"
    ]
}
-----------------------
{
    "drivers": [
        "DriveMysql"
    ]
}
-----------------------
{
    "drivers": [
        "DriveMysql"
    ]
}
-----------------------
{
    "drivers": [
        "DriveMysql"
    ]
}
-----------------------
{
    "drivers": [
        "DriveMysql"
    ]
}
-----------------------
{
    "drivers": [
        "DriveMysql"
    ]
}
-----------------------
{
    "drivers": [
        "DriveMysql"
    ]
}
-----------------------
{
    "drivers": [
        "DriveMysql"
    ]
}
-----------------------
{
    "drivers": [
        "DriveMysql"
    ]
}
-----------------------
